<?xml version="1.0" encoding="UTF-8"?>
<robot generator="Robot 3.1.2 (Python 3.8.2 on win32)" generated="20200305 15:12:03.654" rpa="false">
<suite id="s1" name="Tests" source="C:\Users\Techhuddle\Documents\Robot-Workshop\tests">
<suite id="s1-s1" name="Searchtests" source="C:\Users\Techhuddle\Documents\Robot-Workshop\tests\Searchtests.robot">
<test id="s1-s1-t1" name="Scenario: Successful Search Product">
<kw name="Open Chrome To Storefront" library="GlobalKeywords" type="setup">
<kw name="Create Webdriver" library="SeleniumLibrary">
<doc>Creates an instance of Selenium WebDriver.</doc>
<arguments>
<arg>Chrome</arg>
</arguments>
<msg timestamp="20200305 15:12:03.962" level="INFO">Creating an instance of the Chrome WebDriver.</msg>
<status status="PASS" starttime="20200305 15:12:03.961" endtime="20200305 15:12:09.503"></status>
</kw>
<kw name="Go To" library="SeleniumLibrary">
<doc>Navigates the current browser window to the provided ``url``.</doc>
<arguments>
<arg>${STOREFRONT_URL}</arg>
</arguments>
<msg timestamp="20200305 15:12:09.504" level="INFO">Opening url 'http://automationpractice.com/'</msg>
<status status="PASS" starttime="20200305 15:12:09.504" endtime="20200305 15:12:18.120"></status>
</kw>
<kw name="Maximize Browser Window" library="SeleniumLibrary">
<doc>Maximizes current browser window.</doc>
<status status="PASS" starttime="20200305 15:12:18.120" endtime="20200305 15:12:22.287"></status>
</kw>
<kw name="Set Selenium Speed" library="SeleniumLibrary">
<doc>Sets the delay that is waited after each Selenium command.</doc>
<arguments>
<arg>${DELAY}</arg>
</arguments>
<status status="PASS" starttime="20200305 15:12:22.287" endtime="20200305 15:12:22.287"></status>
</kw>
<status status="PASS" starttime="20200305 15:12:03.961" endtime="20200305 15:12:22.288"></status>
</kw>
<kw name="Given I Am Searching a Product" library="SearchKeywords">
<kw name="Input Text" library="SeleniumLibrary">
<doc>Types the given ``text`` into the text field identified by ``locator``.</doc>
<arguments>
<arg>${search_box_home_page}</arg>
<arg>${Prod}</arg>
</arguments>
<msg timestamp="20200305 15:12:22.291" level="INFO">Typing text 'Dresses' into text field 'xpath=//input[@id='search_query_top']'.</msg>
<status status="PASS" starttime="20200305 15:12:22.290" endtime="20200305 15:12:24.962"></status>
</kw>
<kw name="Press Keys" library="SeleniumLibrary">
<doc>Simulates the user pressing key(s) to an element or on the active browser.</doc>
<arguments>
<arg>${search_home_page_button}</arg>
<arg>||13</arg>
</arguments>
<msg timestamp="20200305 15:12:24.964" level="INFO">Sending key(s) ('||13',) to xpath=//button[@name='submit_search'] element.</msg>
<msg timestamp="20200305 15:12:30.299" level="INFO">Sending keys ||13</msg>
<status status="PASS" starttime="20200305 15:12:24.963" endtime="20200305 15:12:31.139"></status>
</kw>
<kw name="Title Should Be" library="SeleniumLibrary">
<doc>Verifies that the current page title equals ``title``.</doc>
<arguments>
<arg>${title}</arg>
</arguments>
<msg timestamp="20200305 15:12:31.144" level="FAIL">Variable '${title}' not found. Did you mean:
    ${titlt}</msg>
<status status="FAIL" starttime="20200305 15:12:31.140" endtime="20200305 15:12:31.144"></status>
</kw>
<status status="FAIL" starttime="20200305 15:12:22.290" endtime="20200305 15:12:31.145"></status>
</kw>
<status status="FAIL" starttime="20200305 15:12:03.960" endtime="20200305 15:12:31.146" critical="yes">Variable '${title}' not found. Did you mean:
    ${titlt}</status>
</test>
<status status="FAIL" starttime="20200305 15:12:03.688" endtime="20200305 15:12:31.149"></status>
</suite>
<status status="FAIL" starttime="20200305 15:12:03.657" endtime="20200305 15:12:31.155"></status>
</suite>
<statistics>
<total>
<stat pass="0" fail="1">Critical Tests</stat>
<stat pass="0" fail="1">All Tests</stat>
</total>
<tag>
</tag>
<suite>
<stat pass="0" fail="1" id="s1" name="Tests">Tests</stat>
<stat pass="0" fail="1" id="s1-s1" name="Searchtests">Tests.Searchtests</stat>
</suite>
</statistics>
<errors>
</errors>
</robot>
