<?xml version="1.0" encoding="UTF-8"?>
<robot generator="Robot 3.1.2 (Python 3.8.2 on win32)" generated="20200305 16:22:00.500" rpa="false">
<suite id="s1" name="SearchItemTests" source="C:\Users\USER\Desktop\Robot\Panchoff\tests\SearchItemTests.robot">
<test id="s1-t1" name="Scenario Add Item To Basket">
<kw name="Open Chrome To Storefront" library="GlobalKeywords" type="setup">
<kw name="Create Webdriver" library="SeleniumLibrary">
<doc>Creates an instance of Selenium WebDriver.</doc>
<arguments>
<arg>Chrome</arg>
</arguments>
<msg timestamp="20200305 16:22:01.055" level="INFO">Creating an instance of the Chrome WebDriver.</msg>
<status status="PASS" starttime="20200305 16:22:01.055" endtime="20200305 16:22:06.537"></status>
</kw>
<kw name="Go To" library="SeleniumLibrary">
<doc>Navigates the current browser window to the provided ``url``.</doc>
<arguments>
<arg>${STOREFRONT_URL}</arg>
</arguments>
<msg timestamp="20200305 16:22:06.537" level="INFO">Opening url 'http://automationpractice.com/index.php'</msg>
<status status="PASS" starttime="20200305 16:22:06.537" endtime="20200305 16:22:10.080"></status>
</kw>
<kw name="Maximize Browser Window" library="SeleniumLibrary">
<doc>Maximizes current browser window.</doc>
<status status="PASS" starttime="20200305 16:22:10.080" endtime="20200305 16:22:14.311"></status>
</kw>
<kw name="Set Selenium Speed" library="SeleniumLibrary">
<doc>Sets the delay that is waited after each Selenium command.</doc>
<arguments>
<arg>${DELAY}</arg>
</arguments>
<status status="PASS" starttime="20200305 16:22:14.311" endtime="20200305 16:22:14.311"></status>
</kw>
<status status="PASS" starttime="20200305 16:22:01.054" endtime="20200305 16:22:14.312"></status>
</kw>
<kw name="Given I Am on the homepage" library="GlobalKeywords">
<kw name="Location Should Be" library="SeleniumLibrary">
<doc>Verifies that the current URL is exactly ``url``.</doc>
<arguments>
<arg>${STOREFRONT_URL}</arg>
</arguments>
<msg timestamp="20200305 16:22:15.149" level="INFO">Current location is 'http://automationpractice.com/index.php'.</msg>
<status status="PASS" starttime="20200305 16:22:14.317" endtime="20200305 16:22:15.149"></status>
</kw>
<status status="PASS" starttime="20200305 16:22:14.316" endtime="20200305 16:22:15.149"></status>
</kw>
<kw name="And I Am Opening A PDP" library="SearchForProducts">
<kw name="Mouse Over" library="SeleniumLibrary">
<doc>Simulates hovering the mouse over the element ``locator``.</doc>
<arguments>
<arg>${women_navbar}</arg>
</arguments>
<msg timestamp="20200305 16:22:15.150" level="INFO">Simulating Mouse Over on element 'xpath=//*[@class = 'sf-with-ul']'.</msg>
<status status="PASS" starttime="20200305 16:22:15.150" endtime="20200305 16:22:17.043"></status>
</kw>
<kw name="Click Element" library="SeleniumLibrary">
<doc>Click the element identified by ``locator``.</doc>
<arguments>
<arg>${blouses_navbar}</arg>
</arguments>
<msg timestamp="20200305 16:22:17.044" level="INFO">Clicking element 'xpath=//*[@title = 'Blouses']'.</msg>
<status status="PASS" starttime="20200305 16:22:17.044" endtime="20200305 16:22:20.300"></status>
</kw>
<kw name="Element Should Be Visible" library="SeleniumLibrary">
<doc>Verifies that the element identified by ``locator`` is visible.</doc>
<arguments>
<arg>${grid}</arg>
</arguments>
<msg timestamp="20200305 16:22:21.986" level="INFO">Element 'xpath=//*[@class = 'product_list grid row']' is displayed.</msg>
<status status="PASS" starttime="20200305 16:22:20.300" endtime="20200305 16:22:21.986"></status>
</kw>
<kw name="Wait Until Element Is Visible" library="SeleniumLibrary">
<doc>Waits until the element ``locator`` is visible.</doc>
<arguments>
<arg>${blouse}</arg>
<arg>timeout=None</arg>
<arg>error=None</arg>
</arguments>
<status status="PASS" starttime="20200305 16:22:21.987" endtime="20200305 16:22:23.653"></status>
</kw>
<kw name="Click Element" library="SeleniumLibrary">
<doc>Click the element identified by ``locator``.</doc>
<arguments>
<arg>${blouse}</arg>
</arguments>
<msg timestamp="20200305 16:22:23.653" level="INFO">Clicking element 'xpath=//*[@title='Blouse']'.</msg>
<status status="PASS" starttime="20200305 16:22:23.653" endtime="20200305 16:22:26.867"></status>
</kw>
<kw name="Wait Until Element Is Visible" library="SeleniumLibrary">
<doc>Waits until the element ``locator`` is visible.</doc>
<arguments>
<arg>${PDP_heading}</arg>
<arg>timeout=None</arg>
<arg>error=None</arg>
</arguments>
<status status="PASS" starttime="20200305 16:22:26.868" endtime="20200305 16:22:28.545"></status>
</kw>
<status status="PASS" starttime="20200305 16:22:15.150" endtime="20200305 16:22:28.545"></status>
</kw>
<kw name="When I Am Setting QTY &amp; Size And Adding The Products To The Basket" library="SearchForProducts">
<kw name="Click Element" library="SeleniumLibrary">
<doc>Click the element identified by ``locator``.</doc>
<arguments>
<arg>${plus_element_pdp}</arg>
</arguments>
<msg timestamp="20200305 16:22:28.549" level="INFO">Clicking element 'xpath=//*[@class= 'icon-plus']'.</msg>
<status status="PASS" starttime="20200305 16:22:28.548" endtime="20200305 16:22:30.337"></status>
</kw>
<kw name="Click Element" library="SeleniumLibrary">
<doc>Click the element identified by ``locator``.</doc>
<arguments>
<arg>${plus_element_pdp}</arg>
</arguments>
<msg timestamp="20200305 16:22:30.338" level="INFO">Clicking element 'xpath=//*[@class= 'icon-plus']'.</msg>
<status status="PASS" starttime="20200305 16:22:30.337" endtime="20200305 16:22:32.014"></status>
</kw>
<kw name="Click Element" library="SeleniumLibrary">
<doc>Click the element identified by ``locator``.</doc>
<arguments>
<arg>${plus_element_pdp}</arg>
</arguments>
<msg timestamp="20200305 16:22:32.015" level="INFO">Clicking element 'xpath=//*[@class= 'icon-plus']'.</msg>
<status status="PASS" starttime="20200305 16:22:32.015" endtime="20200305 16:22:33.736"></status>
</kw>
<kw name="Select From List By Index" library="SeleniumLibrary">
<doc>Selects options from selection list ``locator`` by ``indexes``.</doc>
<arguments>
<arg>${size_selector_pdp}</arg>
<arg>2</arg>
</arguments>
<msg timestamp="20200305 16:22:33.737" level="INFO">Selecting options from selection list 'xpath=//*[@id= 'group_1']' by index 2.</msg>
<status status="PASS" starttime="20200305 16:22:33.737" endtime="20200305 16:22:42.036"></status>
</kw>
<kw name="Click Element" library="SeleniumLibrary">
<doc>Click the element identified by ``locator``.</doc>
<arguments>
<arg>${add_to_cart}</arg>
</arguments>
<msg timestamp="20200305 16:22:42.036" level="INFO">Clicking element 'xpath=//*[@id= 'add_to_cart']'.</msg>
<status status="PASS" starttime="20200305 16:22:42.036" endtime="20200305 16:22:43.772"></status>
</kw>
<status status="PASS" starttime="20200305 16:22:28.547" endtime="20200305 16:22:43.772"></status>
</kw>
<kw name="Then There Is a Success Message" library="SearchForProducts">
<kw name="Wait Until Element Is Visible" library="SeleniumLibrary">
<doc>Waits until the element ``locator`` is visible.</doc>
<arguments>
<arg>${proceed_to_chekout}</arg>
<arg>timeout=None</arg>
<arg>error=None</arg>
</arguments>
<status status="PASS" starttime="20200305 16:22:43.774" endtime="20200305 16:22:45.507"></status>
</kw>
<status status="PASS" starttime="20200305 16:22:43.773" endtime="20200305 16:22:45.508"></status>
</kw>
<kw name="Close Browser" library="SeleniumLibrary" type="teardown">
<doc>Closes the current browser.</doc>
<status status="PASS" starttime="20200305 16:22:45.510" endtime="20200305 16:22:48.475"></status>
</kw>
<status status="PASS" starttime="20200305 16:22:01.053" endtime="20200305 16:22:48.476" critical="yes"></status>
</test>
<status status="PASS" starttime="20200305 16:22:00.502" endtime="20200305 16:22:48.481"></status>
</suite>
<statistics>
<total>
<stat pass="1" fail="0">Critical Tests</stat>
<stat pass="1" fail="0">All Tests</stat>
</total>
<tag>
</tag>
<suite>
<stat pass="1" fail="0" id="s1" name="SearchItemTests">SearchItemTests</stat>
</suite>
</statistics>
<errors>
</errors>
</robot>
